2025-08-27 02:28:19,484 - __main__ - INFO - Processing data/enhanced_species_table_final.csv
2025-08-27 02:28:19,495 - __main__ - WARNING - Row 0: Genus name must be capitalized: abies balsamea
2025-08-27 02:28:19,495 - __main__ - WARNING - Row 1: Genus name must be capitalized: abies concolor
2025-08-27 02:28:19,495 - __main__ - WARNING - Row 2: Genus name must be capitalized: abies grandis
2025-08-27 02:28:19,495 - __main__ - WARNING - Row 3: Genus name must be capitalized: abies pinsapo
2025-08-27 02:28:19,495 - __main__ - WARNING - Row 4: Genus name must be capitalized: acacia auriculiformis
2025-08-27 02:28:19,495 - __main__ - WARNING - Row 5: Genus name must be capitalized: acacia baileyana
2025-08-27 02:28:19,495 - __main__ - WARNING - Row 6: Genus name must be capitalized: acacia linifolia
2025-08-27 02:28:19,495 - __main__ - WARNING - Row 7: Genus name must be capitalized: acacia longifolia
2025-08-27 02:28:19,495 - __main__ - WARNING - Row 8: Genus name must be capitalized: acalypha hispida
2025-08-27 02:28:19,495 - __main__ - WARNING - Row 9: Genus name must be capitalized: acanthus mollis
2025-08-27 02:28:19,495 - __main__ - WARNING - Row 10: Genus name must be capitalized: acca sellowiana
2025-08-27 02:28:19,496 - __main__ - WARNING - Row 11: Genus name must be capitalized: acer campestre
2025-08-27 02:28:19,496 - __main__ - WARNING - Row 12: Genus name must be capitalized: acer circinatum
2025-08-27 02:28:19,496 - __main__ - WARNING - Row 13: Genus name must be capitalized: acer griseum
2025-08-27 02:28:19,496 - __main__ - WARNING - Row 14: Genus name must be capitalized: acer japonicum
2025-08-27 02:28:19,496 - __main__ - WARNING - Row 15: Genus name must be capitalized: acer monspessulanum
2025-08-27 02:28:19,496 - __main__ - WARNING - Row 16: Genus name must be capitalized: acer negundo
2025-08-27 02:28:19,496 - __main__ - WARNING - Row 17: Genus name must be capitalized: acer nigrum
2025-08-27 02:28:19,496 - __main__ - WARNING - Row 18: Genus name must be capitalized: acer palmatum
2025-08-27 02:28:19,496 - __main__ - WARNING - Row 19: Genus name must be capitalized: acer pensylvanicum
2025-08-27 02:28:19,496 - __main__ - WARNING - Row 20: Genus name must be capitalized: acer platanoides
2025-08-27 02:28:19,496 - __main__ - WARNING - Row 21: Genus name must be capitalized: acer pseudoplatanus
2025-08-27 02:28:19,496 - __main__ - WARNING - Row 22: Genus name must be capitalized: acer rubrum
2025-08-27 02:28:19,496 - __main__ - WARNING - Row 23: Genus name must be capitalized: acer saccharinum
2025-08-27 02:28:19,497 - __main__ - WARNING - Row 24: Genus name must be capitalized: acer saccharum
2025-08-27 02:28:19,497 - __main__ - WARNING - Row 25: Genus name must be capitalized: acer spicatum
2025-08-27 02:28:19,497 - __main__ - WARNING - Row 26: Genus name must be capitalized: acer tataricum
2025-08-27 02:28:19,497 - __main__ - WARNING - Row 27: Genus name must be capitalized: acer tetramerum
2025-08-27 02:28:19,497 - __main__ - WARNING - Row 28: Genus name must be capitalized: achillea filipendulina
2025-08-27 02:28:19,497 - __main__ - WARNING - Row 29: Genus name must be capitalized: achillea millefolium
2025-08-27 02:28:19,497 - __main__ - WARNING - Row 30: Genus name must be capitalized: adansonia digitata
2025-08-27 02:28:19,497 - __main__ - WARNING - Row 31: Genus name must be capitalized: adenium obesum
2025-08-27 02:28:19,497 - __main__ - WARNING - Row 32: Genus name must be capitalized: adiantum capillus-veneris
2025-08-27 02:28:19,497 - __main__ - WARNING - Row 33: Genus name must be capitalized: adiantum jordanii
2025-08-27 02:28:19,497 - __main__ - WARNING - Row 34: Genus name must be capitalized: adonidia merrilii
2025-08-27 02:28:19,497 - __main__ - WARNING - Row 35: Genus name must be capitalized: adonis aestivalis
2025-08-27 02:28:19,497 - __main__ - WARNING - Row 36: Genus name must be capitalized: aechmea bracteata
2025-08-27 02:28:19,497 - __main__ - WARNING - Row 37: Genus name must be capitalized: aechmea fasciata
2025-08-27 02:28:19,497 - __main__ - WARNING - Row 38: Genus name must be capitalized: aegle marmelos
2025-08-27 02:28:19,497 - __main__ - WARNING - Row 39: Genus name must be capitalized: aegopodium podagraria
2025-08-27 02:28:19,498 - __main__ - WARNING - Row 40: Genus name must be capitalized: aeonium arboreum
2025-08-27 02:28:19,498 - __main__ - WARNING - Row 41: Genus name must be capitalized: aesculus hippocastanum
2025-08-27 02:28:19,498 - __main__ - WARNING - Row 42: Genus name must be capitalized: aesculus parviflora
2025-08-27 02:28:19,498 - __main__ - WARNING - Row 43: Genus name must be capitalized: afrocarpus falcatus
2025-08-27 02:28:19,498 - __main__ - WARNING - Row 44: Genus name must be capitalized: agapanthus praecox
2025-08-27 02:28:19,498 - __main__ - WARNING - Row 45: Genus name must be capitalized: agathis robusta
2025-08-27 02:28:19,498 - __main__ - WARNING - Row 46: Genus name must be capitalized: agave sisalana
2025-08-27 02:28:19,498 - __main__ - WARNING - Row 47: Genus name must be capitalized: agave tequilana
2025-08-27 02:28:19,498 - __main__ - WARNING - Row 48: Genus name must be capitalized: agave vivipara
2025-08-27 02:28:19,498 - __main__ - WARNING - Row 49: Genus name must be capitalized: agonis flexuosa
2025-08-27 02:28:19,498 - __main__ - WARNING - Row 50: Genus name must be capitalized: ailanthus altissima
2025-08-27 02:28:19,498 - __main__ - WARNING - Row 51: Genus name must be capitalized: ajuga reptans
2025-08-27 02:28:19,498 - __main__ - WARNING - Row 52: Genus name must be capitalized: albizia julibrissin
2025-08-27 02:28:19,498 - __main__ - WARNING - Row 53: Genus name must be capitalized: alcantarea imperialis
2025-08-27 02:28:19,498 - __main__ - WARNING - Row 54: Genus name must be capitalized: alcea rosa
2025-08-27 02:28:19,498 - __main__ - WARNING - Row 55: Genus name must be capitalized: aleurites moluccanus
2025-08-27 02:28:19,498 - __main__ - WARNING - Row 56: Genus name must be capitalized: allamanda cathartica
2025-08-27 02:28:19,499 - __main__ - WARNING - Row 57: Genus name must be capitalized: allenrolfea occidentalis
2025-08-27 02:28:19,499 - __main__ - WARNING - Row 58: Genus name must be capitalized: alliaria petiolata
2025-08-27 02:28:19,499 - __main__ - WARNING - Row 59: Genus name must be capitalized: allium ampeloprasum
2025-08-27 02:28:19,499 - __main__ - WARNING - Row 60: Genus name must be capitalized: allium cepa
2025-08-27 02:28:19,499 - __main__ - WARNING - Row 61: Genus name must be capitalized: allium porrum
2025-08-27 02:28:19,499 - __main__ - WARNING - Row 62: Genus name must be capitalized: allium sativum
2025-08-27 02:28:19,499 - __main__ - WARNING - Row 63: Genus name must be capitalized: allium tuberosum
2025-08-27 02:28:19,499 - __main__ - WARNING - Row 64: Genus name must be capitalized: alnus glutinosa
2025-08-27 02:28:19,499 - __main__ - WARNING - Row 65: Genus name must be capitalized: alnus rhombifolia
2025-08-27 02:28:19,499 - __main__ - WARNING - Row 66: Genus name must be capitalized: alnus viridis
2025-08-27 02:28:19,499 - __main__ - WARNING - Row 67: Genus name must be capitalized: alocasia odora
2025-08-27 02:28:19,500 - __main__ - WARNING - Row 68: Genus name must be capitalized: aloe arborescens
2025-08-27 02:28:19,500 - __main__ - WARNING - Row 69: Genus name must be capitalized: aloe vera
2025-08-27 02:28:19,500 - __main__ - WARNING - Row 70: Genus name must be capitalized: alpinia purpurata
2025-08-27 02:28:19,500 - __main__ - WARNING - Row 71: Genus name must be capitalized: alpinia zerumbet
2025-08-27 02:28:19,500 - __main__ - WARNING - Row 72: Genus name must be capitalized: alstonia scholaris
2025-08-27 02:28:19,500 - __main__ - WARNING - Row 73: Genus name must be capitalized: alstroemeria aurea
2025-08-27 02:28:19,500 - __main__ - WARNING - Row 74: Genus name must be capitalized: alternanthera brasiliana
2025-08-27 02:28:19,500 - __main__ - WARNING - Row 75: Genus name must be capitalized: amaranthus cruentus
2025-08-27 02:28:19,500 - __main__ - WARNING - Row 76: Genus name must be capitalized: amaranthus retroflexus
2025-08-27 02:28:19,500 - __main__ - WARNING - Row 77: Genus name must be capitalized: amorpha canescens
2025-08-27 02:28:19,500 - __main__ - WARNING - Row 78: Genus name must be capitalized: ananas comosus
2025-08-27 02:28:19,500 - __main__ - WARNING - Row 79: Genus name must be capitalized: anaphalis margaritacea
2025-08-27 02:28:19,500 - __main__ - WARNING - Row 80: Genus name must be capitalized: anemone coronaria
2025-08-27 02:28:19,500 - __main__ - WARNING - Row 81: Genus name must be capitalized: anemone hupehensis
2025-08-27 02:28:19,500 - __main__ - WARNING - Row 82: Genus name must be capitalized: anethum graveolens
2025-08-27 02:28:19,500 - __main__ - WARNING - Row 83: Genus name must be capitalized: annona glabra
2025-08-27 02:28:19,501 - __main__ - WARNING - Row 84: Genus name must be capitalized: anthurium andraeanum
2025-08-27 02:28:19,501 - __main__ - WARNING - Row 85: Genus name must be capitalized: antigonon leptopus
2025-08-27 02:28:19,501 - __main__ - WARNING - Row 86: Genus name must be capitalized: antirrhinum majus
2025-08-27 02:28:19,501 - __main__ - WARNING - Row 87: Genus name must be capitalized: arachis pintoi
2025-08-27 02:28:19,501 - __main__ - WARNING - Row 88: Genus name must be capitalized: araucaria araucara
2025-08-27 02:28:19,501 - __main__ - WARNING - Row 89: Genus name must be capitalized: araucaria bidwillii
2025-08-27 02:28:19,501 - __main__ - WARNING - Row 90: Genus name must be capitalized: arbutus menziesii
2025-08-27 02:28:19,501 - __main__ - WARNING - Row 91: Genus name must be capitalized: arctium lappa
2025-08-27 02:28:19,501 - __main__ - WARNING - Row 92: Genus name must be capitalized: arctium minus
2025-08-27 02:28:19,502 - __main__ - WARNING - Row 93: Genus name must be capitalized: armoracia rusticana
2025-08-27 02:28:19,502 - __main__ - WARNING - Row 94: Genus name must be capitalized: aronia melanocarpa
2025-08-27 02:28:19,502 - __main__ - WARNING - Row 95: Genus name must be capitalized: artemisia herba-alba
2025-08-27 02:28:19,502 - __main__ - WARNING - Row 96: Genus name must be capitalized: artemisia pycnocelapha
2025-08-27 02:28:19,502 - __main__ - WARNING - Row 97: Genus name must be capitalized: artemisia vulgaris
2025-08-27 02:28:19,502 - __main__ - WARNING - Row 98: Genus name must be capitalized: artocarpus altilis
2025-08-27 02:28:19,502 - __main__ - WARNING - Row 99: Genus name must be capitalized: artocarpus heterophyllus
2025-08-27 02:28:19,502 - __main__ - WARNING - Row 100: Genus name must be capitalized: aruncus dioicus
2025-08-27 02:28:19,502 - __main__ - WARNING - Row 101: Genus name must be capitalized: arundina graminifolia
2025-08-27 02:28:19,502 - __main__ - WARNING - Row 102: Genus name must be capitalized: asclepias incarnata
2025-08-27 02:28:19,502 - __main__ - WARNING - Row 103: Genus name must be capitalized: asclepias syriaca
2025-08-27 02:28:19,502 - __main__ - WARNING - Row 104: Genus name must be capitalized: asparagus aethiopicus
2025-08-27 02:28:19,502 - __main__ - WARNING - Row 105: Genus name must be capitalized: asphodelus fistulosus
2025-08-27 02:28:19,502 - __main__ - WARNING - Row 106: Genus name must be capitalized: asphodelus ramosus
2025-08-27 02:28:19,502 - __main__ - WARNING - Row 107: Genus name must be capitalized: asplenium nidus
2025-08-27 02:28:19,502 - __main__ - WARNING - Row 108: Genus name must be capitalized: athyrium niponicum
2025-08-27 02:28:19,503 - __main__ - WARNING - Row 109: Genus name must be capitalized: atriplex halimus
2025-08-27 02:28:19,503 - __main__ - WARNING - Row 110: Genus name must be capitalized: atriplex lentiformis
2025-08-27 02:28:19,503 - __main__ - WARNING - Row 111: Genus name must be capitalized: austrocylindropuntia subulata
2025-08-27 02:28:19,503 - __main__ - WARNING - Row 112: Genus name must be capitalized: avena sativa
2025-08-27 02:28:19,503 - __main__ - WARNING - Row 113: Genus name must be capitalized: averrhoa carambola
2025-08-27 02:28:19,503 - __main__ - WARNING - Row 114: Genus name must be capitalized: avicennia officinalis
2025-08-27 02:28:19,503 - __main__ - WARNING - Row 115: Genus name must be capitalized: bambusa vulgaris
2025-08-27 02:28:19,503 - __main__ - WARNING - Row 116: Genus name must be capitalized: banksia ericafolia
2025-08-27 02:28:19,503 - __main__ - WARNING - Row 117: Genus name must be capitalized: banksia integrifolia
2025-08-27 02:28:19,503 - __main__ - WARNING - Row 118: Genus name must be capitalized: banksia robur
2025-08-27 02:28:19,503 - __main__ - WARNING - Row 119: Genus name must be capitalized: banksia serrata
2025-08-27 02:28:19,503 - __main__ - WARNING - Row 120: Genus name must be capitalized: baptisia alba
2025-08-27 02:28:19,503 - __main__ - WARNING - Row 121: Genus name must be capitalized: basella alba
2025-08-27 02:28:19,503 - __main__ - WARNING - Row 122: Genus name must be capitalized: bauhinia variegata
2025-08-27 02:28:19,503 - __main__ - WARNING - Row 123: Genus name must be capitalized: bauhinia x blakeana
2025-08-27 02:28:19,503 - __main__ - WARNING - Row 124: Genus name must be capitalized: beaucarnea reurverata
2025-08-27 02:28:19,503 - __main__ - WARNING - Row 125: Genus name must be capitalized: begonia cucullata
2025-08-27 02:28:19,504 - __main__ - WARNING - Row 126: Genus name must be capitalized: begonia formosana
2025-08-27 02:28:19,504 - __main__ - WARNING - Row 127: Genus name must be capitalized: berberis darwinii
2025-08-27 02:28:19,504 - __main__ - WARNING - Row 128: Genus name must be capitalized: berberis thunbergii
2025-08-27 02:28:19,504 - __main__ - WARNING - Row 129: Genus name must be capitalized: betula nigra
2025-08-27 02:28:19,504 - __main__ - WARNING - Row 130: Genus name must be capitalized: betula pendula
2025-08-27 02:28:19,504 - __main__ - WARNING - Row 131: Genus name must be capitalized: betula populifolia
2025-08-27 02:28:19,504 - __main__ - WARNING - Row 132: Genus name must be capitalized: bidens pilosa
2025-08-27 02:28:19,504 - __main__ - WARNING - Row 133: Genus name must be capitalized: bismarckia nobilis
2025-08-27 02:28:19,505 - __main__ - WARNING - Row 134: Genus name must be capitalized: blechnum penna-marina
2025-08-27 02:28:19,505 - __main__ - WARNING - Row 135: Genus name must be capitalized: bocconia frutescens
2025-08-27 02:28:19,505 - __main__ - WARNING - Row 136: Genus name must be capitalized: boehmeria nivea
2025-08-27 02:28:19,506 - __main__ - WARNING - Row 137: Genus name must be capitalized: bougainvillea glabra
2025-08-27 02:28:19,506 - __main__ - WARNING - Row 138: Genus name must be capitalized: bougainvillea spectabilis
2025-08-27 02:28:19,506 - __main__ - WARNING - Row 139: Genus name must be capitalized: brassica oleracea
2025-08-27 02:28:19,506 - __main__ - WARNING - Row 140: Genus name must be capitalized: bromus tectorum
2025-08-27 02:28:19,506 - __main__ - WARNING - Row 141: Genus name must be capitalized: brugmansia arborea
2025-08-27 02:28:19,506 - __main__ - WARNING - Row 142: Genus name must be capitalized: brugmansia sanguinea
2025-08-27 02:28:19,506 - __main__ - WARNING - Row 143: Genus name must be capitalized: buddleja davidii
2025-08-27 02:28:19,506 - __main__ - WARNING - Row 144: Genus name must be capitalized: buxus sempervirens
2025-08-27 02:28:19,506 - __main__ - WARNING - Row 145: Genus name must be capitalized: caesalpinia pulcherrima
2025-08-27 02:28:19,506 - __main__ - WARNING - Row 146: Genus name must be capitalized: caesalpinia sclerocarpa
2025-08-27 02:28:19,506 - __main__ - WARNING - Row 147: Genus name must be capitalized: caladium bicolor
2025-08-27 02:28:19,506 - __main__ - WARNING - Row 148: Genus name must be capitalized: calamagrostis canadensis
2025-08-27 02:28:19,506 - __main__ - WARNING - Row 149: Genus name must be capitalized: calendula arvensis
2025-08-27 02:28:19,506 - __main__ - WARNING - Row 150: Genus name must be capitalized: calendula officinalis
2025-08-27 02:28:19,507 - __main__ - WARNING - Row 151: Genus name must be capitalized: calliandra haematocephala
2025-08-27 02:28:19,507 - __main__ - WARNING - Row 152: Genus name must be capitalized: callianthe megapotamica
2025-08-27 02:28:19,507 - __main__ - WARNING - Row 153: Genus name must be capitalized: calluna vulgaris
2025-08-27 02:28:19,507 - __main__ - WARNING - Row 154: Genus name must be capitalized: calocedrus decurrens
2025-08-27 02:28:19,507 - __main__ - WARNING - Row 155: Genus name must be capitalized: calocedrus formosana
2025-08-27 02:28:19,507 - __main__ - WARNING - Row 156: Genus name must be capitalized: calophyllum inophyllum
2025-08-27 02:28:19,507 - __main__ - WARNING - Row 157: Genus name must be capitalized: calotropis gigantea
2025-08-27 02:28:19,507 - __main__ - WARNING - Row 158: Genus name must be capitalized: camellia japonica
2025-08-27 02:28:19,508 - __main__ - WARNING - Row 159: Genus name must be capitalized: camellia sinensis
2025-08-27 02:28:19,508 - __main__ - WARNING - Row 160: Genus name must be capitalized: campsis radicans
2025-08-27 02:28:19,508 - __main__ - WARNING - Row 161: Genus name must be capitalized: canna indica
2025-08-27 02:28:19,508 - __main__ - WARNING - Row 162: Genus name must be capitalized: canna x generalis
2025-08-27 02:28:19,508 - __main__ - WARNING - Row 163: Genus name must be capitalized: cannabis sativa
2025-08-27 02:28:19,508 - __main__ - WARNING - Row 164: Genus name must be capitalized: capparis spinosa
2025-08-27 02:28:19,508 - __main__ - WARNING - Row 165: Genus name must be capitalized: capsicum annuum
2025-08-27 02:28:19,508 - __main__ - WARNING - Row 166: Genus name must be capitalized: capsicum chinense
2025-08-27 02:28:19,508 - __main__ - WARNING - Row 167: Genus name must be capitalized: capsicum frutescens
2025-08-27 02:28:19,508 - __main__ - WARNING - Row 168: Genus name must be capitalized: carica papaya
2025-08-27 02:28:19,508 - __main__ - WARNING - Row 169: Genus name must be capitalized: carissa bispinosa
2025-08-27 02:28:19,508 - __main__ - WARNING - Row 170: Genus name must be capitalized: carissa macrocarpa
2025-08-27 02:28:19,508 - __main__ - WARNING - Row 171: Genus name must be capitalized: carum carvi
2025-08-27 02:28:19,508 - __main__ - WARNING - Row 172: Genus name must be capitalized: carya illinoinensis
2025-08-27 02:28:19,508 - __main__ - WARNING - Row 173: Genus name must be capitalized: carya ovata
2025-08-27 02:28:19,508 - __main__ - WARNING - Row 174: Genus name must be capitalized: cascabela thevetia
2025-08-27 02:28:19,509 - __main__ - WARNING - Row 175: Genus name must be capitalized: cassia fistula
2025-08-27 02:28:19,509 - __main__ - WARNING - Row 176: Genus name must be capitalized: castanea sativa
2025-08-27 02:28:19,509 - __main__ - WARNING - Row 177: Genus name must be capitalized: casuarina equisetifolia
2025-08-27 02:28:19,509 - __main__ - WARNING - Row 178: Genus name must be capitalized: catharanthus roseus
2025-08-27 02:28:19,509 - __main__ - WARNING - Row 179: Genus name must be capitalized: cayratia japonica
2025-08-27 02:28:19,509 - __main__ - WARNING - Row 180: Genus name must be capitalized: ceanothus thyrsiflorus
2025-08-27 02:28:19,509 - __main__ - WARNING - Row 181: Genus name must be capitalized: cedrus atlantica
2025-08-27 02:28:19,509 - __main__ - WARNING - Row 182: Genus name must be capitalized: cedrus atlantica 'glauca'
2025-08-27 02:28:19,509 - __main__ - WARNING - Row 183: Genus name must be capitalized: cedrus deodara
2025-08-27 02:28:19,509 - __main__ - WARNING - Row 184: Genus name must be capitalized: cedrus libani
2025-08-27 02:28:19,509 - __main__ - WARNING - Row 185: Genus name must be capitalized: ceiba pentandra
2025-08-27 02:28:19,509 - __main__ - WARNING - Row 186: Genus name must be capitalized: ceiba speciosa
2025-08-27 02:28:19,509 - __main__ - WARNING - Row 187: Genus name must be capitalized: celastrus scandens
2025-08-27 02:28:19,510 - __main__ - WARNING - Row 188: Genus name must be capitalized: celosia argentea
2025-08-27 02:28:19,510 - __main__ - WARNING - Row 189: Genus name must be capitalized: cenchrus ciliaris
2025-08-27 02:28:19,510 - __main__ - WARNING - Row 190: Genus name must be capitalized: centaurea calcitrapa
2025-08-27 02:28:19,510 - __main__ - WARNING - Row 191: Genus name must be capitalized: centaurea jacea
2025-08-27 02:28:19,510 - __main__ - WARNING - Row 192: Genus name must be capitalized: centaurea nigra
2025-08-27 02:28:19,510 - __main__ - WARNING - Row 193: Genus name must be capitalized: centranthus ruber
2025-08-27 02:28:19,510 - __main__ - WARNING - Row 194: Genus name must be capitalized: ceratonia siliqua
2025-08-27 02:28:19,510 - __main__ - WARNING - Row 195: Genus name must be capitalized: cestrum nocturnum
2025-08-27 02:28:19,510 - __main__ - WARNING - Row 196: Genus name must be capitalized: chamaecyparis lawsoniana
2025-08-27 02:28:19,510 - __main__ - WARNING - Row 197: Genus name must be capitalized: chamaenerion angustifolium
2025-08-27 02:28:19,510 - __main__ - WARNING - Row 198: Genus name must be capitalized: chenopodium quinoa
2025-08-27 02:28:19,510 - __main__ - WARNING - Row 199: Genus name must be capitalized: choisya ternata
2025-08-27 02:28:19,510 - __main__ - WARNING - Row 200: Genus name must be capitalized: chromolaena odorata
2025-08-27 02:28:19,510 - __main__ - WARNING - Row 201: Genus name must be capitalized: cichorium intybus
2025-08-27 02:28:19,510 - __main__ - WARNING - Row 202: Genus name must be capitalized: cinchona ledgeriana
2025-08-27 02:28:19,510 - __main__ - WARNING - Row 203: Genus name must be capitalized: cirsium arvense
2025-08-27 02:28:19,511 - __main__ - WARNING - Row 204: Genus name must be capitalized: cirsium vulgare
2025-08-27 02:28:19,511 - __main__ - WARNING - Row 205: Genus name must be capitalized: cissus verticillata
2025-08-27 02:28:19,511 - __main__ - WARNING - Row 206: Genus name must be capitalized: cistanche phelypaea
2025-08-27 02:28:19,511 - __main__ - WARNING - Row 207: Genus name must be capitalized: citrullus lanatus
2025-08-27 02:28:19,511 - __main__ - WARNING - Row 208: Genus name must be capitalized: citrus aurantium
2025-08-27 02:28:19,511 - __main__ - WARNING - Row 209: Genus name must be capitalized: citrus limon
2025-08-27 02:28:19,511 - __main__ - WARNING - Row 210: Genus name must be capitalized: clematis tangutica
2025-08-27 02:28:19,511 - __main__ - WARNING - Row 211: Genus name must be capitalized: clerodendrum paniculatum
2025-08-27 02:28:19,511 - __main__ - WARNING - Row 212: Genus name must be capitalized: clerodendrum quadriloculare
2025-08-27 02:28:19,511 - __main__ - WARNING - Row 213: Genus name must be capitalized: clerodendrum thomsoniae
2025-08-27 02:28:19,511 - __main__ - WARNING - Row 214: Genus name must be capitalized: clerodendrum trichotomum
2025-08-27 02:28:19,511 - __main__ - WARNING - Row 215: Genus name must be capitalized: clethra alnifolia
2025-08-27 02:28:19,511 - __main__ - WARNING - Row 216: Genus name must be capitalized: clidemia hirta
2025-08-27 02:28:19,511 - __main__ - WARNING - Row 217: Genus name must be capitalized: clinopodium nepeta
2025-08-27 02:28:19,511 - __main__ - WARNING - Row 218: Genus name must be capitalized: clivia miniata
2025-08-27 02:28:19,511 - __main__ - WARNING - Row 219: Genus name must be capitalized: coccoloba uvifera
2025-08-27 02:28:19,511 - __main__ - WARNING - Row 220: Genus name must be capitalized: cochlospermum vitifolium
2025-08-27 02:28:19,512 - __main__ - WARNING - Row 221: Genus name must be capitalized: cocos nucifera
2025-08-27 02:28:19,512 - __main__ - WARNING - Row 222: Genus name must be capitalized: coffea arabica
2025-08-27 02:28:19,512 - __main__ - WARNING - Row 223: Genus name must be capitalized: coix lacryma-jobi
2025-08-27 02:28:19,512 - __main__ - WARNING - Row 224: Genus name must be capitalized: colocasia esculenta
2025-08-27 02:28:19,512 - __main__ - WARNING - Row 225: Genus name must be capitalized: combretum indicum
2025-08-27 02:28:19,512 - __main__ - WARNING - Row 226: Genus name must be capitalized: conocarpus erectus
2025-08-27 02:28:19,512 - __main__ - WARNING - Row 227: Genus name must be capitalized: convulvulus arvensis
2025-08-27 02:28:19,512 - __main__ - WARNING - Row 228: Genus name must be capitalized: coprosma dumosa
2025-08-27 02:28:19,512 - __main__ - WARNING - Row 229: Genus name must be capitalized: coprosma repens
2025-08-27 02:28:19,512 - __main__ - WARNING - Row 230: Genus name must be capitalized: cordyline australis
2025-08-27 02:28:19,512 - __main__ - WARNING - Row 231: Genus name must be capitalized: cordyline fruticosa
2025-08-27 02:28:19,512 - __main__ - WARNING - Row 232: Genus name must be capitalized: coriandrum sativum
2025-08-27 02:28:19,512 - __main__ - WARNING - Row 233: Genus name must be capitalized: cornus alternifolia
2025-08-27 02:28:19,512 - __main__ - WARNING - Row 234: Genus name must be capitalized: cornus amomum
2025-08-27 02:28:19,512 - __main__ - WARNING - Row 235: Genus name must be capitalized: cornus canadensis
2025-08-27 02:28:19,512 - __main__ - WARNING - Row 236: Genus name must be capitalized: cornus sanguinea
2025-08-27 02:28:19,512 - __main__ - WARNING - Row 237: Genus name must be capitalized: cornus sericea
2025-08-27 02:28:19,513 - __main__ - WARNING - Row 238: Genus name must be capitalized: corokia cotoneaster
2025-08-27 02:28:19,513 - __main__ - WARNING - Row 239: Genus name must be capitalized: correa alba
2025-08-27 02:28:19,513 - __main__ - WARNING - Row 240: Genus name must be capitalized: corylus americana
2025-08-27 02:28:19,513 - __main__ - WARNING - Row 241: Genus name must be capitalized: corylus avellana
2025-08-27 02:28:19,513 - __main__ - WARNING - Row 242: Genus name must be capitalized: corymbia ficifolia
2025-08-27 02:28:19,513 - __main__ - WARNING - Row 243: Genus name must be capitalized: cosmos sulphureus
2025-08-27 02:28:19,513 - __main__ - WARNING - Row 244: Genus name must be capitalized: costus woodsonii
2025-08-27 02:28:19,513 - __main__ - WARNING - Row 245: Genus name must be capitalized: cotinus coggygria
2025-08-27 02:28:19,513 - __main__ - WARNING - Row 246: Genus name must be capitalized: cotoneaster horizontalis
2025-08-27 02:28:19,513 - __main__ - WARNING - Row 247: Genus name must be capitalized: couroupita guianensis
2025-08-27 02:28:19,513 - __main__ - WARNING - Row 248: Genus name must be capitalized: crambe maritima
2025-08-27 02:28:19,513 - __main__ - WARNING - Row 249: Genus name must be capitalized: crassula ovata
2025-08-27 02:28:19,513 - __main__ - WARNING - Row 250: Genus name must be capitalized: crassula perforata
2025-08-27 02:28:19,513 - __main__ - WARNING - Row 251: Genus name must be capitalized: crataegus monogyna
2025-08-27 02:28:19,513 - __main__ - WARNING - Row 252: Genus name must be capitalized: crocosmia x crocosmiflora
2025-08-27 02:28:19,514 - __main__ - WARNING - Row 253: Genus name must be capitalized: crocus sativus
2025-08-27 02:28:19,514 - __main__ - WARNING - Row 254: Genus name must be capitalized: cucumis melo
2025-08-27 02:28:19,514 - __main__ - WARNING - Row 255: Genus name must be capitalized: cuminum cyminum
2025-08-27 02:28:19,514 - __main__ - WARNING - Row 256: Genus name must be capitalized: cunninghamia lanceolata
2025-08-27 02:28:19,514 - __main__ - WARNING - Row 257: Genus name must be capitalized: cupressus cashmeriana
2025-08-27 02:28:19,514 - __main__ - WARNING - Row 258: Genus name must be capitalized: cupressus nootkatensis
2025-08-27 02:28:19,514 - __main__ - WARNING - Row 259: Genus name must be capitalized: cupressus sempervirens
2025-08-27 02:28:19,514 - __main__ - WARNING - Row 260: Genus name must be capitalized: cycas revoluta
2025-08-27 02:28:19,514 - __main__ - WARNING - Row 261: Genus name must be capitalized: cydonia oblonga
2025-08-27 02:28:19,514 - __main__ - WARNING - Row 262: Genus name must be capitalized: cylindropuntia leptocaulis
2025-08-27 02:28:19,514 - __main__ - WARNING - Row 263: Genus name must be capitalized: cymbalaria muralis
2025-08-27 02:28:19,514 - __main__ - WARNING - Row 264: Genus name must be capitalized: cynosurus echinatus
2025-08-27 02:28:19,514 - __main__ - WARNING - Row 265: Genus name must be capitalized: cyperus papyrus
2025-08-27 02:28:19,514 - __main__ - WARNING - Row 266: Genus name must be capitalized: cytisus scoparius
2025-08-27 02:28:19,514 - __main__ - WARNING - Row 267: Genus name must be capitalized: dacrydium cupressinum
2025-08-27 02:28:19,514 - __main__ - WARNING - Row 268: Genus name must be capitalized: dahlia pinnata
2025-08-27 02:28:19,514 - __main__ - WARNING - Row 269: Genus name must be capitalized: daucus carota
2025-08-27 02:28:19,515 - __main__ - WARNING - Row 270: Genus name must be capitalized: daucus pusillus
2025-08-27 02:28:19,515 - __main__ - WARNING - Row 271: Genus name must be capitalized: delonix regia
2025-08-27 02:28:19,515 - __main__ - WARNING - Row 272: Genus name must be capitalized: diamorpha smallii
2025-08-27 02:28:19,515 - __main__ - WARNING - Row 273: Genus name must be capitalized: dicranopteris linearis
2025-08-27 02:28:19,515 - __main__ - WARNING - Row 274: Genus name must be capitalized: digitalis purpurea
2025-08-27 02:28:19,515 - __main__ - WARNING - Row 275: Genus name must be capitalized: dimorphotheca fruticosa
2025-08-27 02:28:19,515 - __main__ - WARNING - Row 276: Genus name must be capitalized: dionaea muscipula
2025-08-27 02:28:19,515 - __main__ - WARNING - Row 277: Genus name must be capitalized: diplotaxis tenuifolia
2025-08-27 02:28:19,515 - __main__ - WARNING - Row 278: Genus name must be capitalized: dipsacus fullonum
2025-08-27 02:28:19,515 - __main__ - WARNING - Row 279: Genus name must be capitalized: discaria toumatou
2025-08-27 02:28:19,516 - __main__ - WARNING - Row 280: Genus name must be capitalized: dodonea viscosa
2025-08-27 02:28:19,516 - __main__ - WARNING - Row 281: Genus name must be capitalized: doellingeria umbellata
2025-08-27 02:28:19,516 - __main__ - WARNING - Row 282: Genus name must be capitalized: dombeya wallichi
2025-08-27 02:28:19,516 - __main__ - WARNING - Row 283: Genus name must be capitalized: doryanthes excelsa
2025-08-27 02:28:19,516 - __main__ - WARNING - Row 284: Genus name must be capitalized: dracaena draco
2025-08-27 02:28:19,516 - __main__ - WARNING - Row 285: Genus name must be capitalized: dracaena fragrans
2025-08-27 02:28:19,516 - __main__ - WARNING - Row 286: Genus name must be capitalized: dracaena reflexa
2025-08-27 02:28:19,516 - __main__ - WARNING - Row 287: Genus name must be capitalized: dracaena trifasciata
2025-08-27 02:28:19,517 - __main__ - WARNING - Row 288: Genus name must be capitalized: drimia maritima
2025-08-27 02:28:19,517 - __main__ - WARNING - Row 289: Genus name must be capitalized: drosanthemum floribundum
2025-08-27 02:28:19,517 - __main__ - WARNING - Row 290: Genus name must be capitalized: dryopteris marginalis
2025-08-27 02:28:19,517 - __main__ - WARNING - Row 291: Genus name must be capitalized: duranta erecta
2025-08-27 02:28:19,517 - __main__ - WARNING - Row 292: Genus name must be capitalized: durio zibethinus
2025-08-27 02:28:19,517 - __main__ - WARNING - Row 293: Genus name must be capitalized: dypsis lutescens
2025-08-27 02:28:19,517 - __main__ - WARNING - Row 294: Genus name must be capitalized: echinacea purpurea
2025-08-27 02:28:19,517 - __main__ - WARNING - Row 295: Genus name must be capitalized: echinocereus pentalophus
2025-08-27 02:28:19,517 - __main__ - WARNING - Row 296: Genus name must be capitalized: echinodorus cordifolius
2025-08-27 02:28:19,517 - __main__ - WARNING - Row 297: Genus name must be capitalized: echinops ritro
2025-08-27 02:28:19,517 - __main__ - WARNING - Row 298: Genus name must be capitalized: echium pininana
2025-08-27 02:28:19,517 - __main__ - WARNING - Row 299: Genus name must be capitalized: ehrharta erecta
2025-08-27 02:28:19,518 - __main__ - WARNING - Row 300: Genus name must be capitalized: elaeagnus angustifolia
2025-08-27 02:28:19,518 - __main__ - WARNING - Row 301: Genus name must be capitalized: eleagnus umbellata
2025-08-27 02:28:19,518 - __main__ - WARNING - Row 302: Genus name must be capitalized: elettaria cardamomum
2025-08-27 02:28:19,518 - __main__ - WARNING - Row 303: Genus name must be capitalized: eleusine indica
2025-08-27 02:28:19,518 - __main__ - WARNING - Row 304: Genus name must be capitalized: encephalartos horridus
2025-08-27 02:28:19,518 - __main__ - WARNING - Row 305: Genus name must be capitalized: encephalartos woodii
2025-08-27 02:28:19,518 - __main__ - WARNING - Row 306: Genus name must be capitalized: ephedra antisyphilitica
2025-08-27 02:28:19,518 - __main__ - WARNING - Row 307: Genus name must be capitalized: epilobium montium
2025-08-27 02:28:19,518 - __main__ - WARNING - Row 308: Genus name must be capitalized: epipremnum aureum
2025-08-27 02:28:19,518 - __main__ - WARNING - Row 309: Genus name must be capitalized: erica verticillata
2025-08-27 02:28:19,518 - __main__ - WARNING - Row 310: Genus name must be capitalized: eriobotrya japonica
2025-08-27 02:28:19,518 - __main__ - WARNING - Row 311: Genus name must be capitalized: eruca vesicaria
2025-08-27 02:28:19,518 - __main__ - WARNING - Row 312: Genus name must be capitalized: eryngium yuccifolium
2025-08-27 02:28:19,518 - __main__ - WARNING - Row 313: Genus name must be capitalized: erysimum cheiranthoides
2025-08-27 02:28:19,518 - __main__ - WARNING - Row 314: Genus name must be capitalized: erythroxylum coca
2025-08-27 02:28:19,518 - __main__ - WARNING - Row 315: Genus name must be capitalized: escallonia robra
2025-08-27 02:28:19,519 - __main__ - WARNING - Row 316: Genus name must be capitalized: etlingera elatior
2025-08-27 02:28:19,519 - __main__ - WARNING - Row 317: Genus name must be capitalized: eucalyptus camaldulensis
2025-08-27 02:28:19,519 - __main__ - WARNING - Row 318: Genus name must be capitalized: eucalyptus cinerea
2025-08-27 02:28:19,519 - __main__ - WARNING - Row 319: Genus name must be capitalized: eucalyptus deglupta
2025-08-27 02:28:19,519 - __main__ - WARNING - Row 320: Genus name must be capitalized: eucalyptus obliqua
2025-08-27 02:28:19,519 - __main__ - WARNING - Row 321: Genus name must be capitalized: eucalyptus robusta
2025-08-27 02:28:19,519 - __main__ - WARNING - Row 322: Genus name must be capitalized: eunymus japonicus
2025-08-27 02:28:19,519 - __main__ - WARNING - Row 323: Genus name must be capitalized: euatorium capillifolium
2025-08-27 02:28:19,519 - __main__ - WARNING - Row 324: Genus name must be capitalized: eupatorium cannabinum
2025-08-27 02:28:19,519 - __main__ - WARNING - Row 325: Genus name must be capitalized: codiaeum variegatum
2025-08-27 02:28:19,519 - __main__ - WARNING - Row 326: Genus name must be capitalized: euphorbia caput-medusae
2025-08-27 02:28:19,519 - __main__ - WARNING - Row 327: Genus name must be capitalized: euphorbia cyparissias
2025-08-27 02:28:19,519 - __main__ - WARNING - Row 328: Genus name must be capitalized: euphorbia hypericifolia
2025-08-27 02:28:19,519 - __main__ - WARNING - Row 329: Genus name must be capitalized: euphorbia milii
2025-08-27 02:28:19,519 - __main__ - WARNING - Row 330: Genus name must be capitalized: euphorbia oblongata
2025-08-27 02:28:19,519 - __main__ - WARNING - Row 331: Genus name must be capitalized: euphorbia peplus
2025-08-27 02:28:19,519 - __main__ - WARNING - Row 332: Genus name must be capitalized: euphorbia pulcherrima
2025-08-27 02:28:19,519 - __main__ - WARNING - Row 333: Genus name must be capitalized: euphorbia terracina
2025-08-27 02:28:19,519 - __main__ - WARNING - Row 334: Genus name must be capitalized: euphorbia tirucalli
2025-08-27 02:28:19,520 - __main__ - WARNING - Row 335: Genus name must be capitalized: euphorbia tithymaloides
2025-08-27 02:28:19,520 - __main__ - WARNING - Row 336: Genus name must be capitalized: euphorbia trigona
2025-08-27 02:28:19,520 - __main__ - WARNING - Row 337: Genus name must be capitalized: eurybia macrophylla
2025-08-27 02:28:19,520 - __main__ - WARNING - Row 338: Genus name must be capitalized: euryops pectinatus
2025-08-27 02:28:19,520 - __main__ - WARNING - Row 339: Genus name must be capitalized: eutrochium maculatum
2025-08-27 02:28:19,520 - __main__ - WARNING - Row 340: Genus name must be capitalized: fagus grandifolia
2025-08-27 02:28:19,520 - __main__ - WARNING - Row 341: Genus name must be capitalized: fagus sylvatica
2025-08-27 02:28:19,520 - __main__ - WARNING - Row 342: Genus name must be capitalized: fatsia japonica
2025-08-27 02:28:19,520 - __main__ - WARNING - Row 343: Genus name must be capitalized: ferocactus pilosus
2025-08-27 02:28:19,520 - __main__ - WARNING - Row 344: Genus name must be capitalized: ferula communis
2025-08-27 02:28:19,521 - __main__ - WARNING - Row 345: Genus name must be capitalized: ficus benghalensis
2025-08-27 02:28:19,521 - __main__ - WARNING - Row 346: Genus name must be capitalized: ficus benjamina
2025-08-27 02:28:19,521 - __main__ - WARNING - Row 347: Genus name must be capitalized: ficus carica
2025-08-27 02:28:19,521 - __main__ - WARNING - Row 348: Genus name must be capitalized: ficus elastica
2025-08-27 02:28:19,521 - __main__ - WARNING - Row 349: Genus name must be capitalized: ficus lyrata
2025-08-27 02:28:19,521 - __main__ - WARNING - Row 350: Genus name must be capitalized: ficus macrophylla
2025-08-27 02:28:19,521 - __main__ - WARNING - Row 351: Genus name must be capitalized: ficus microcarpa
2025-08-27 02:28:19,521 - __main__ - WARNING - Row 352: Genus name must be capitalized: ficus religiosa
2025-08-27 02:28:19,521 - __main__ - WARNING - Row 353: Genus name must be capitalized: ficus rubiginosa
2025-08-27 02:28:19,521 - __main__ - WARNING - Row 354: Genus name must be capitalized: ficus subpisocarpa
2025-08-27 02:28:19,521 - __main__ - WARNING - Row 355: Genus name must be capitalized: filipendula rubra
2025-08-27 02:28:19,521 - __main__ - WARNING - Row 356: Genus name must be capitalized: flourensia cernua
2025-08-27 02:28:19,521 - __main__ - WARNING - Row 357: Genus name must be capitalized: foeniculum vulgare
2025-08-27 02:28:19,521 - __main__ - WARNING - Row 358: Genus name must be capitalized: forestiera pubescens
2025-08-27 02:28:19,521 - __main__ - WARNING - Row 359: Genus name must be capitalized: fraxinus excelsior
2025-08-27 02:28:19,521 - __main__ - WARNING - Row 360: Genus name must be capitalized: fraxinus latifolia
2025-08-27 02:28:19,521 - __main__ - WARNING - Row 361: Genus name must be capitalized: fraxinus velutina
2025-08-27 02:28:19,522 - __main__ - WARNING - Row 362: Genus name must be capitalized: fuchsia boliviana
2025-08-27 02:28:19,522 - __main__ - WARNING - Row 363: Genus name must be capitalized: fuchsia hybrida
2025-08-27 02:28:19,522 - __main__ - WARNING - Row 364: Genus name must be capitalized: fuchsia magellanica
2025-08-27 02:28:19,522 - __main__ - WARNING - Row 365: Genus name must be capitalized: fucus distichus
2025-08-27 02:28:19,522 - __main__ - WARNING - Row 366: Genus name must be capitalized: gagea lutea
2025-08-27 02:28:19,522 - __main__ - WARNING - Row 367: Genus name must be capitalized: galium andrewsii
2025-08-27 02:28:19,522 - __main__ - WARNING - Row 368: Genus name must be capitalized: galium aparine
2025-08-27 02:28:19,522 - __main__ - WARNING - Row 369: Genus name must be capitalized: gaultheria shallon
2025-08-27 02:28:19,522 - __main__ - WARNING - Row 370: Genus name must be capitalized: gazania linearis
2025-08-27 02:28:19,522 - __main__ - WARNING - Row 371: Genus name must be capitalized: gazania rigens
2025-08-27 02:28:19,522 - __main__ - WARNING - Row 372: Genus name must be capitalized: geranium pratense
2025-08-27 02:28:19,522 - __main__ - WARNING - Row 373: Genus name must be capitalized: gingko biloba
2025-08-27 02:28:19,522 - __main__ - WARNING - Row 374: Genus name must be capitalized: gleditsia japonica
2025-08-27 02:28:19,522 - __main__ - WARNING - Row 375: Genus name must be capitalized: gleditsia triacanthos
2025-08-27 02:28:19,522 - __main__ - WARNING - Row 376: Genus name must be capitalized: gliricidia sepium
2025-08-27 02:28:19,522 - __main__ - WARNING - Row 377: Genus name must be capitalized: glycine max
2025-08-27 02:28:19,522 - __main__ - WARNING - Row 378: Genus name must be capitalized: gomphocarpus fruticopus
2025-08-27 02:28:19,522 - __main__ - WARNING - Row 379: Genus name must be capitalized: gomphrena globosa
2025-08-27 02:28:19,523 - __main__ - WARNING - Row 380: Genus name must be capitalized: gossypium hirsutum
2025-08-27 02:28:19,523 - __main__ - WARNING - Row 381: Genus name must be capitalized: graptopetalum paraguayense
2025-08-27 02:28:19,523 - __main__ - WARNING - Row 382: Genus name must be capitalized: grevillea robusta
2025-08-27 02:28:19,523 - __main__ - WARNING - Row 383: Genus name must be capitalized: hamelia patens
2025-08-27 02:28:19,523 - __main__ - WARNING - Row 384: Genus name must be capitalized: hebe speciosa
2025-08-27 02:28:19,523 - __main__ - WARNING - Row 385: Genus name must be capitalized: hedera helix
2025-08-27 02:28:19,523 - __main__ - WARNING - Row 386: Genus name must be capitalized: hedychium coronarium
2025-08-27 02:28:19,523 - __main__ - WARNING - Row 387: Genus name must be capitalized: helianthus annuus
2025-08-27 02:28:19,523 - __main__ - WARNING - Row 388: Genus name must be capitalized: helianthus annuus
2025-08-27 02:28:19,523 - __main__ - WARNING - Row 389: Genus name must be capitalized: heliconia bihai
2025-08-27 02:28:19,523 - __main__ - WARNING - Row 390: Genus name must be capitalized: heliconia latispatha
2025-08-27 02:28:19,523 - __main__ - WARNING - Row 391: Genus name must be capitalized: heliconia rostrata
2025-08-27 02:28:19,523 - __main__ - WARNING - Row 392: Genus name must be capitalized: heliopsis helianthoides
2025-08-27 02:28:19,523 - __main__ - WARNING - Row 393: Genus name must be capitalized: hellenia speciosa
2025-08-27 02:28:19,523 - __main__ - WARNING - Row 394: Genus name must be capitalized: helminthotheca echioides
2025-08-27 02:28:19,523 - __main__ - WARNING - Row 395: Genus name must be capitalized: hemerocallis lilioasphodelus
2025-08-27 02:28:19,523 - __main__ - WARNING - Row 396: Genus name must be capitalized: heracleum sphondylium
2025-08-27 02:28:19,524 - __main__ - WARNING - Row 397: Genus name must be capitalized: heuchera americana
2025-08-27 02:28:19,524 - __main__ - WARNING - Row 398: Genus name must be capitalized: heuchera micrantha
2025-08-27 02:28:19,524 - __main__ - WARNING - Row 399: Genus name must be capitalized: hevea brasiliensis
2025-08-27 02:28:19,524 - __main__ - WARNING - Row 400: Genus name must be capitalized: hibbertia scandens
2025-08-27 02:28:19,524 - __main__ - WARNING - Row 401: Genus name must be capitalized: hibiscus moscheutos
2025-08-27 02:28:19,524 - __main__ - WARNING - Row 402: Genus name must be capitalized: hibiscus rosa-sinensis
2025-08-27 02:28:19,524 - __main__ - WARNING - Row 403: Genus name must be capitalized: hibiscus sabdariffa
2025-08-27 02:28:19,524 - __main__ - WARNING - Row 404: Genus name must be capitalized: hibiscus syriacus
2025-08-27 02:28:19,524 - __main__ - WARNING - Row 405: Genus name must be capitalized: hibiscus tiliaceus
2025-08-27 02:28:19,524 - __main__ - WARNING - Row 406: Genus name must be capitalized: holcus lanatus
2025-08-27 02:28:19,524 - __main__ - WARNING - Row 407: Genus name must be capitalized: homalanthus populifolius
2025-08-27 02:28:19,524 - __main__ - WARNING - Row 408: Genus name must be capitalized: hordeum murinum
2025-08-27 02:28:19,524 - __main__ - WARNING - Row 409: Genus name must be capitalized: hordeum vulgare
2025-08-27 02:28:19,524 - __main__ - WARNING - Row 410: Genus name must be capitalized: humulus lupulus
2025-08-27 02:28:19,524 - __main__ - WARNING - Row 411: Genus name must be capitalized: hydrangea arborescens
2025-08-27 02:28:19,524 - __main__ - WARNING - Row 412: Genus name must be capitalized: hydrangea macrophylla
2025-08-27 02:28:19,524 - __main__ - WARNING - Row 413: Genus name must be capitalized: hydrangea quercifolia
2025-08-27 02:28:19,524 - __main__ - WARNING - Row 414: Genus name must be capitalized: hylocomium splendens
2025-08-27 02:28:19,525 - __main__ - WARNING - Row 415: Genus name must be capitalized: hylodesmum glutinosum
2025-08-27 02:28:19,525 - __main__ - WARNING - Row 416: Genus name must be capitalized: hylotelephium telephium
2025-08-27 02:28:19,525 - __main__ - WARNING - Row 417: Genus name must be capitalized: hymenocallis littoralis
2025-08-27 02:28:19,525 - __main__ - WARNING - Row 418: Genus name must be capitalized: hypericum perforatum
2025-08-27 02:28:19,525 - __main__ - WARNING - Row 419: Genus name must be capitalized: hypericum pulchrum
2025-08-27 02:28:19,525 - __main__ - WARNING - Row 420: Genus name must be capitalized: hypoestes phyllostachya
2025-08-27 02:28:19,525 - __main__ - WARNING - Row 421: Genus name must be capitalized: ibervillea lindheimeri
2025-08-27 02:28:19,525 - __main__ - WARNING - Row 422: Genus name must be capitalized: ilex cornuta
2025-08-27 02:28:19,525 - __main__ - WARNING - Row 423: Genus name must be capitalized: ilex mucronata
2025-08-27 02:28:19,525 - __main__ - WARNING - Row 424: Genus name must be capitalized: impatiens hawkeri
2025-08-27 02:28:19,526 - __main__ - WARNING - Row 425: Genus name must be capitalized: impatiens walleriana
2025-08-27 02:28:19,526 - __main__ - WARNING - Row 426: Genus name must be capitalized: indigofera tinctoria
2025-08-27 02:28:19,527 - __main__ - WARNING - Row 427: Genus name must be capitalized: inula helenium
2025-08-27 02:28:19,527 - __main__ - WARNING - Row 428: Genus name must be capitalized: ipomoea batatas
2025-08-27 02:28:19,527 - __main__ - WARNING - Row 429: Genus name must be capitalized: ipomoea cairica
2025-08-27 02:28:19,527 - __main__ - WARNING - Row 430: Genus name must be capitalized: iresine herbstii
2025-08-27 02:28:19,527 - __main__ - WARNING - Row 431: Genus name must be capitalized: iris germanica
2025-08-27 02:28:19,527 - __main__ - WARNING - Row 432: Genus name must be capitalized: iris nigricans
2025-08-27 02:28:19,527 - __main__ - WARNING - Row 433: Genus name must be capitalized: iris siberica
2025-08-27 02:28:19,527 - __main__ - WARNING - Row 434: Genus name must be capitalized: ixora chinensis
2025-08-27 02:28:19,527 - __main__ - WARNING - Row 435: Genus name must be capitalized: ixora coccinea
2025-08-27 02:28:19,527 - __main__ - WARNING - Row 436: Genus name must be capitalized: jacaranda mimosifolia
2025-08-27 02:28:19,527 - __main__ - WARNING - Row 437: Genus name must be capitalized: jacobaea maritima
2025-08-27 02:28:19,527 - __main__ - WARNING - Row 438: Genus name must be capitalized: jacobaea vulgaris
2025-08-27 02:28:19,528 - __main__ - WARNING - Row 439: Genus name must be capitalized: jasminum mesnyi
2025-08-27 02:28:19,528 - __main__ - WARNING - Row 440: Genus name must be capitalized: jasminum nudiflorum
2025-08-27 02:28:19,528 - __main__ - WARNING - Row 441: Genus name must be capitalized: jasminum sambac
2025-08-27 02:28:19,528 - __main__ - WARNING - Row 442: Genus name must be capitalized: jatropha curcas
2025-08-27 02:28:19,528 - __main__ - WARNING - Row 443: Genus name must be capitalized: jatropha gossypiifolia
2025-08-27 02:28:19,528 - __main__ - WARNING - Row 444: Genus name must be capitalized: jatropha integerrima
2025-08-27 02:28:19,528 - __main__ - WARNING - Row 445: Genus name must be capitalized: juglans nigra
2025-08-27 02:28:19,528 - __main__ - WARNING - Row 446: Genus name must be capitalized: juglans regia
2025-08-27 02:28:19,528 - __main__ - WARNING - Row 447: Genus name must be capitalized: juniperus communis
2025-08-27 02:28:19,528 - __main__ - WARNING - Row 448: Genus name must be capitalized: juniperus oxycedrus
2025-08-27 02:28:19,528 - __main__ - WARNING - Row 449: Genus name must be capitalized: justicia spicigera
2025-08-27 02:28:19,528 - __main__ - WARNING - Row 450: Genus name must be capitalized: kalanchoe blossfeldiana
2025-08-27 02:28:19,529 - __main__ - WARNING - Row 451: Genus name must be capitalized: kalanchoe daigremontiana
2025-08-27 02:28:19,529 - __main__ - WARNING - Row 452: Genus name must be capitalized: kalanchoe pinnatum
2025-08-27 02:28:19,529 - __main__ - WARNING - Row 453: Genus name must be capitalized: kigelia africana
2025-08-27 02:28:19,529 - __main__ - WARNING - Row 454: Genus name must be capitalized: kniphofia uvaria
2025-08-27 02:28:19,529 - __main__ - WARNING - Row 455: Genus name must be capitalized: kroenleinia grusonii
2025-08-27 02:28:19,529 - __main__ - WARNING - Row 456: Genus name must be capitalized: kumara plicatilis
2025-08-27 02:28:19,529 - __main__ - WARNING - Row 457: Genus name must be capitalized: kunzea robusta
2025-08-27 02:28:19,529 - __main__ - WARNING - Row 458: Genus name must be capitalized: lactuca serriola
2025-08-27 02:28:19,529 - __main__ - WARNING - Row 459: Genus name must be capitalized: lantana camara
2025-08-27 02:28:19,529 - __main__ - WARNING - Row 460: Genus name must be capitalized: larix decidua
2025-08-27 02:28:19,529 - __main__ - WARNING - Row 461: Genus name must be capitalized: larix kaempferi
2025-08-27 02:28:19,529 - __main__ - WARNING - Row 462: Genus name must be capitalized: larix laricina
2025-08-27 02:28:19,529 - __main__ - WARNING - Row 463: Genus name must be capitalized: lathyrus odoratus
2025-08-27 02:28:19,529 - __main__ - WARNING - Row 464: Genus name must be capitalized: lathyrus sylvestris
2025-08-27 02:28:19,529 - __main__ - WARNING - Row 465: Genus name must be capitalized: lavandula angustifolia
2025-08-27 02:28:19,529 - __main__ - WARNING - Row 466: Genus name must be capitalized: lavandula dentata
2025-08-27 02:28:19,529 - __main__ - WARNING - Row 467: Genus name must be capitalized: lavandula stoechas
2025-08-27 02:28:19,529 - __main__ - WARNING - Row 468: Genus name must be capitalized: lemmaphyllum microphyllum
2025-08-27 02:28:19,530 - __main__ - WARNING - Row 469: Genus name must be capitalized: leonurus cardiaca
2025-08-27 02:28:19,530 - __main__ - WARNING - Row 470: Genus name must be capitalized: leucadendron argenteum
2025-08-27 02:28:19,530 - __main__ - WARNING - Row 471: Genus name must be capitalized: leucophyllum frutescens
2025-08-27 02:28:19,530 - __main__ - WARNING - Row 472: Genus name must be capitalized: leucospermum conocarpodendron
2025-08-27 02:28:19,530 - __main__ - WARNING - Row 473: Genus name must be capitalized: leymus mollis
2025-08-27 02:28:19,530 - __main__ - WARNING - Row 474: Genus name must be capitalized: liatris pycnostachya
2025-08-27 02:28:19,530 - __main__ - WARNING - Row 475: Genus name must be capitalized: libertia ixioides
2025-08-27 02:28:19,530 - __main__ - WARNING - Row 476: Genus name must be capitalized: ligustrum lucidum
2025-08-27 02:28:19,530 - __main__ - WARNING - Row 477: Genus name must be capitalized: lilium bulbiferum
2025-08-27 02:28:19,530 - __main__ - WARNING - Row 478: Genus name must be capitalized: lilium lancifolioum
2025-08-27 02:28:19,530 - __main__ - WARNING - Row 479: Genus name must be capitalized: lilium martagon
2025-08-27 02:28:19,530 - __main__ - WARNING - Row 480: Genus name must be capitalized: linaria purpurea
2025-08-27 02:28:19,530 - __main__ - WARNING - Row 481: Genus name must be capitalized: linaria vulgaris
2025-08-27 02:28:19,530 - __main__ - WARNING - Row 482: Genus name must be capitalized: linum usitatissimum
2025-08-27 02:28:19,530 - __main__ - WARNING - Row 483: Genus name must be capitalized: liquidambar formosana
2025-08-27 02:28:19,531 - __main__ - WARNING - Row 484: Genus name must be capitalized: liquidambar styraciflua
2025-08-27 02:28:19,531 - __main__ - WARNING - Row 485: Genus name must be capitalized: liriodendron tulipifera
2025-08-27 02:28:19,531 - __main__ - WARNING - Row 486: Genus name must be capitalized: lobularia maritima
2025-08-27 02:28:19,531 - __main__ - WARNING - Row 487: Genus name must be capitalized: lonicera implexa
2025-08-27 02:28:19,531 - __main__ - WARNING - Row 488: Genus name must be capitalized: lonicera japonica
2025-08-27 02:28:19,531 - __main__ - WARNING - Row 489: Genus name must be capitalized: lonicera morrowii
2025-08-27 02:28:19,531 - __main__ - WARNING - Row 490: Genus name must be capitalized: lonicera periclymenum
2025-08-27 02:28:19,531 - __main__ - WARNING - Row 491: Genus name must be capitalized: ludwigia palustris
2025-08-27 02:28:19,531 - __main__ - WARNING - Row 492: Genus name must be capitalized: luffa cylindrica
2025-08-27 02:28:19,531 - __main__ - WARNING - Row 493: Genus name must be capitalized: lunaria annua
2025-08-27 02:28:19,532 - __main__ - WARNING - Row 494: Genus name must be capitalized: lycoris radiata
2025-08-27 02:28:19,532 - __main__ - WARNING - Row 495: Genus name must be capitalized: lysimachia clethroides
2025-08-27 02:28:19,532 - __main__ - WARNING - Row 496: Genus name must be capitalized: lysimachia punctata
2025-08-27 02:28:19,532 - __main__ - WARNING - Row 497: Genus name must be capitalized: maackia chinensis
2025-08-27 02:28:19,532 - __main__ - WARNING - Row 498: Genus name must be capitalized: magnolia grandiflora
2025-08-27 02:28:19,532 - __main__ - WARNING - Row 499: Genus name must be capitalized: magnolia macrophylla
2025-08-27 02:28:19,532 - __main__ - WARNING - Row 500: Genus name must be capitalized: maleleuca viminalis
2025-08-27 02:28:19,532 - __main__ - WARNING - Row 501: Genus name must be capitalized: mallotus paniculatus
2025-08-27 02:28:19,532 - __main__ - WARNING - Row 502: Genus name must be capitalized: malva moschata
2025-08-27 02:28:19,532 - __main__ - WARNING - Row 503: Genus name must be capitalized: malva parviflora
2025-08-27 02:28:19,532 - __main__ - WARNING - Row 504: Genus name must be capitalized: malva sylvestris
2025-08-27 02:28:19,532 - __main__ - WARNING - Row 505: Genus name must be capitalized: mangifera indica
2025-08-27 02:28:19,532 - __main__ - WARNING - Row 506: Genus name must be capitalized: manihot esculenta
2025-08-27 02:28:19,532 - __main__ - WARNING - Row 507: Genus name must be capitalized: mastocarpus papillatus
2025-08-27 02:28:19,532 - __main__ - WARNING - Row 508: Genus name must be capitalized: matthiola incana
2025-08-27 02:28:19,532 - __main__ - WARNING - Row 509: Genus name must be capitalized: medicago sativa
2025-08-27 02:28:19,532 - __main__ - WARNING - Row 510: Genus name must be capitalized: melia azedarach
2025-08-27 02:28:19,532 - __main__ - WARNING - Row 511: Genus name must be capitalized: melicope ternata
2025-08-27 02:28:19,533 - __main__ - WARNING - Row 512: Genus name must be capitalized: mentha aquatica
2025-08-27 02:28:19,533 - __main__ - WARNING - Row 513: Genus name must be capitalized: mentha longifolia
2025-08-27 02:28:19,533 - __main__ - WARNING - Row 514: Genus name must be capitalized: mentha spicata
2025-08-27 02:28:19,533 - __main__ - WARNING - Row 515: Genus name must be capitalized: mesembryanthemum cordifolum
2025-08-27 02:28:19,533 - __main__ - WARNING - Row 516: Genus name must be capitalized: metasequoia glyptostroboides
2025-08-27 02:28:19,533 - __main__ - WARNING - Row 517: Genus name must be capitalized: mirabilis jalapa
2025-08-27 02:28:19,534 - __main__ - WARNING - Row 518: Genus name must be capitalized: monarda didyma
2025-08-27 02:28:19,534 - __main__ - WARNING - Row 519: Genus name must be capitalized: monarda fistulosa
2025-08-27 02:28:19,534 - __main__ - WARNING - Row 520: Genus name must be capitalized: monarda punctata
2025-08-27 02:28:19,534 - __main__ - WARNING - Row 521: Genus name must be capitalized: monstera deliciosa
2025-08-27 02:28:19,534 - __main__ - WARNING - Row 522: Genus name must be capitalized: morus alba
2025-08-27 02:28:19,534 - __main__ - WARNING - Row 523: Genus name must be capitalized: musa acuminata
2025-08-27 02:28:19,534 - __main__ - WARNING - Row 524: Genus name must be capitalized: musa ornata
2025-08-27 02:28:19,535 - __main__ - WARNING - Row 525: Genus name must be capitalized: musa velutina
2025-08-27 02:28:19,535 - __main__ - WARNING - Row 526: Genus name must be capitalized: musa x paradisiaca
2025-08-27 02:28:19,535 - __main__ - WARNING - Row 527: Genus name must be capitalized: muscari neglectum
2025-08-27 02:28:19,535 - __main__ - WARNING - Row 528: Genus name must be capitalized: myoporum insulare
2025-08-27 02:28:19,535 - __main__ - WARNING - Row 529: Genus name must be capitalized: myoporum laetum
2025-08-27 02:28:19,535 - __main__ - WARNING - Row 530: Genus name must be capitalized: myristica fragrans
2025-08-27 02:28:19,535 - __main__ - WARNING - Row 531: Genus name must be capitalized: myrtus communis
2025-08-27 02:28:19,535 - __main__ - WARNING - Row 532: Genus name must be capitalized: nandina domestica
2025-08-27 02:28:19,535 - __main__ - WARNING - Row 533: Genus name must be capitalized: nelumbo lutea
2025-08-27 02:28:19,535 - __main__ - WARNING - Row 534: Genus name must be capitalized: nelumbo nucifera
2025-08-27 02:28:19,535 - __main__ - WARNING - Row 535: Genus name must be capitalized: nephelium lappaceum
2025-08-27 02:28:19,535 - __main__ - WARNING - Row 536: Genus name must be capitalized: nereocystis luetkeana
2025-08-27 02:28:19,535 - __main__ - WARNING - Row 537: Genus name must be capitalized: nerium oleander
2025-08-27 02:28:19,535 - __main__ - WARNING - Row 538: Genus name must be capitalized: nesiota elliptica
2025-08-27 02:28:19,536 - __main__ - WARNING - Row 539: Genus name must be capitalized: nicotiana tabacum
2025-08-27 02:28:19,536 - __main__ - WARNING - Row 540: Genus name must be capitalized: nigella damascena
2025-08-27 02:28:19,536 - __main__ - WARNING - Row 541: Genus name must be capitalized: nolina parviflora
2025-08-27 02:28:19,536 - __main__ - WARNING - Row 542: Genus name must be capitalized: nymphaea alba
2025-08-27 02:28:19,536 - __main__ - WARNING - Row 543: Genus name must be capitalized: nymphaea ampla
2025-08-27 02:28:19,536 - __main__ - WARNING - Row 544: Genus name must be capitalized: nymphaea mexicana
2025-08-27 02:28:19,536 - __main__ - WARNING - Row 545: Genus name must be capitalized: nymphaea nouchali
2025-08-27 02:28:19,536 - __main__ - WARNING - Row 546: Genus name must be capitalized: nymphaea rubra
2025-08-27 02:28:19,536 - __main__ - WARNING - Row 547: Genus name must be capitalized: nyssa sylvatica
2025-08-27 02:28:19,536 - __main__ - WARNING - Row 548: Genus name must be capitalized: ochna serrulata
2025-08-27 02:28:19,536 - __main__ - WARNING - Row 549: Genus name must be capitalized: ocimum basilicum
2025-08-27 02:28:19,536 - __main__ - WARNING - Row 550: Genus name must be capitalized: oclemena acuminata
2025-08-27 02:28:19,536 - __main__ - WARNING - Row 551: Genus name must be capitalized: olea europea
2025-08-27 02:28:19,536 - __main__ - WARNING - Row 552: Genus name must be capitalized: oncidium sphacelatum
2025-08-27 02:28:19,536 - __main__ - WARNING - Row 553: Genus name must be capitalized: onoclea sensibilis
2025-08-27 02:28:19,536 - __main__ - WARNING - Row 554: Genus name must be capitalized: ononis natrix
2025-08-27 02:28:19,536 - __main__ - WARNING - Row 555: Genus name must be capitalized: opuntia cochenillifera
2025-08-27 02:28:19,537 - __main__ - WARNING - Row 556: Genus name must be capitalized: opuntia ficus-indica
2025-08-27 02:28:19,537 - __main__ - WARNING - Row 557: Genus name must be capitalized: opuntia microdasys
2025-08-27 02:28:19,537 - __main__ - WARNING - Row 558: Genus name must be capitalized: origanum vulgare
2025-08-27 02:28:19,537 - __main__ - WARNING - Row 559: Genus name must be capitalized: ornithogalum umbellatum
2025-08-27 02:28:19,537 - __main__ - WARNING - Row 560: Genus name must be capitalized: oryza sativa
2025-08-27 02:28:19,537 - __main__ - WARNING - Row 561: Genus name must be capitalized: oxalis corniculata
2025-08-27 02:28:19,537 - __main__ - WARNING - Row 562: Genus name must be capitalized: oxalis pes-caprae
2025-08-27 02:28:19,537 - __main__ - WARNING - Row 563: Genus name must be capitalized: oxalis triangularis
2025-08-27 02:28:19,537 - __main__ - WARNING - Row 564: Genus name must be capitalized: pachira aquatica
2025-08-27 02:28:19,537 - __main__ - WARNING - Row 565: Genus name must be capitalized: pachycereus pringlei
2025-08-27 02:28:19,537 - __main__ - WARNING - Row 566: Genus name must be capitalized: paeonia officinalis
2025-08-27 02:28:19,537 - __main__ - WARNING - Row 567: Genus name must be capitalized: papaver rhoeas
2025-08-27 02:28:19,537 - __main__ - WARNING - Row 568: Genus name must be capitalized: papaver somniferum
2025-08-27 02:28:19,537 - __main__ - WARNING - Row 569: Genus name must be capitalized: parthenocissus inserta
2025-08-27 02:28:19,537 - __main__ - WARNING - Row 570: Genus name must be capitalized: parthenocissus tricuspidata
2025-08-27 02:28:19,537 - __main__ - WARNING - Row 571: Genus name must be capitalized: parthernocissus quinquefolia
2025-08-27 02:28:19,537 - __main__ - WARNING - Row 572: Genus name must be capitalized: paspalum notatum
2025-08-27 02:28:19,537 - __main__ - WARNING - Row 573: Genus name must be capitalized: passiflora caerulea
2025-08-27 02:28:19,538 - __main__ - WARNING - Row 574: Genus name must be capitalized: passiflora edulis
2025-08-27 02:28:19,538 - __main__ - WARNING - Row 575: Genus name must be capitalized: paulownia tomentosa
2025-08-27 02:28:19,538 - __main__ - WARNING - Row 576: Genus name must be capitalized: pelargonium myrrhifolium
2025-08-27 02:28:19,538 - __main__ - WARNING - Row 577: Genus name must be capitalized: pelargonium peltatum
2025-08-27 02:28:19,538 - __main__ - WARNING - Row 578: Genus name must be capitalized: pelargonium x hybridum
2025-08-27 02:28:19,538 - __main__ - WARNING - Row 579: Genus name must be capitalized: peltandra virginica
2025-08-27 02:28:19,538 - __main__ - WARNING - Row 580: Genus name must be capitalized: pennisetum setaceum
2025-08-27 02:28:19,538 - __main__ - WARNING - Row 581: Genus name must be capitalized: persea americana
2025-08-27 02:28:19,538 - __main__ - WARNING - Row 582: Genus name must be capitalized: persea americana
2025-08-27 02:28:19,538 - __main__ - WARNING - Row 583: Genus name must be capitalized: petrea volubilis
2025-08-27 02:28:19,538 - __main__ - WARNING - Row 584: Genus name must be capitalized: petunia x atkinsiana
2025-08-27 02:28:19,538 - __main__ - WARNING - Row 585: Genus name must be capitalized: phellodendron amurense
2025-08-27 02:28:19,538 - __main__ - WARNING - Row 586: Genus name must be capitalized: phleum pratense
2025-08-27 02:28:19,538 - __main__ - WARNING - Row 587: Genus name must be capitalized: phlomis fruticosa
2025-08-27 02:28:19,538 - __main__ - WARNING - Row 588: Genus name must be capitalized: phlox paniculata
2025-08-27 02:28:19,538 - __main__ - WARNING - Row 589: Genus name must be capitalized: pheonix dactylifera
2025-08-27 02:28:19,538 - __main__ - WARNING - Row 590: Genus name must be capitalized: photinia x fraseri
2025-08-27 02:28:19,538 - __main__ - WARNING - Row 591: Genus name must be capitalized: phragmites australis
2025-08-27 02:28:19,539 - __main__ - WARNING - Row 592: Genus name must be capitalized: picea abies
2025-08-27 02:28:19,539 - __main__ - WARNING - Row 593: Genus name must be capitalized: picea glauca
2025-08-27 02:28:19,539 - __main__ - WARNING - Row 594: Genus name must be capitalized: picea orientales
2025-08-27 02:28:19,539 - __main__ - WARNING - Row 595: Genus name must be capitalized: picea pungens
2025-08-27 02:28:19,539 - __main__ - WARNING - Row 596: Genus name must be capitalized: picea sitchensis
2025-08-27 02:28:19,539 - __main__ - WARNING - Row 597: Genus name must be capitalized: picea sitchensis
2025-08-27 02:28:19,539 - __main__ - WARNING - Row 598: Genus name must be capitalized: picea smithiana
2025-08-27 02:28:19,539 - __main__ - WARNING - Row 599: Genus name must be capitalized: pilosella aurantiaca
2025-08-27 02:28:19,539 - __main__ - WARNING - Row 600: Genus name must be capitalized: pinus banksiana
2025-08-27 02:28:19,539 - __main__ - WARNING - Row 601: Genus name must be capitalized: pinus halepensis
2025-08-27 02:28:19,539 - __main__ - WARNING - Row 602: Genus name must be capitalized: pinus heldreichii
2025-08-27 02:28:19,539 - __main__ - WARNING - Row 603: Genus name must be capitalized: pinus mugo
2025-08-27 02:28:19,539 - __main__ - WARNING - Row 604: Genus name must be capitalized: pinus nigra
2025-08-27 02:28:19,539 - __main__ - WARNING - Row 605: Genus name must be capitalized: pinus patula
2025-08-27 02:28:19,539 - __main__ - WARNING - Row 606: Genus name must be capitalized: pinus resinosa
2025-08-27 02:28:19,539 - __main__ - WARNING - Row 607: Genus name must be capitalized: pinus roxburghii
2025-08-27 02:28:19,539 - __main__ - WARNING - Row 608: Genus name must be capitalized: pinus strobus
2025-08-27 02:28:19,539 - __main__ - WARNING - Row 609: Genus name must be capitalized: pinus sylvestris
2025-08-27 02:28:19,540 - __main__ - WARNING - Row 610: Genus name must be capitalized: piper excelsum
2025-08-27 02:28:19,540 - __main__ - WARNING - Row 611: Genus name must be capitalized: piper nigrum
2025-08-27 02:28:19,540 - __main__ - WARNING - Row 612: Genus name must be capitalized: pistacia chinensis
2025-08-27 02:28:19,540 - __main__ - WARNING - Row 613: Genus name must be capitalized: pistacia terebinthus
2025-08-27 02:28:19,540 - __main__ - WARNING - Row 614: Genus name must be capitalized: pisum sativum
2025-08-27 02:28:19,540 - __main__ - WARNING - Row 615: Genus name must be capitalized: pithecellobium dulce
2025-08-27 02:28:19,540 - __main__ - WARNING - Row 616: Genus name must be capitalized: pittosporum crassifolium
2025-08-27 02:28:19,540 - __main__ - WARNING - Row 617: Genus name must be capitalized: pittosporum fairchildii
2025-08-27 02:28:19,540 - __main__ - WARNING - Row 618: Genus name must be capitalized: pittosporum tenuifolium
2025-08-27 02:28:19,540 - __main__ - WARNING - Row 619: Genus name must be capitalized: pittosporum tobira
2025-08-27 02:28:19,540 - __main__ - WARNING - Row 620: Genus name must be capitalized: plantago major
2025-08-27 02:28:19,540 - __main__ - WARNING - Row 621: Genus name must be capitalized: platanus occidentalis
2025-08-27 02:28:19,540 - __main__ - WARNING - Row 622: Genus name must be capitalized: platanus orientalis
2025-08-27 02:28:19,540 - __main__ - WARNING - Row 623: Genus name must be capitalized: platanus x hispanica
2025-08-27 02:28:19,540 - __main__ - WARNING - Row 624: Genus name must be capitalized: platycerium bifurcatum
2025-08-27 02:28:19,540 - __main__ - WARNING - Row 625: Genus name must be capitalized: platycladus orientalis
2025-08-27 02:28:19,541 - __main__ - WARNING - Row 626: Genus name must be capitalized: plectranthus ciliatus
2025-08-27 02:28:19,541 - __main__ - WARNING - Row 627: Genus name must be capitalized: plectranthus neochilus
2025-08-27 02:28:19,541 - __main__ - WARNING - Row 628: Genus name must be capitalized: plectranthus scutellaroides
2025-08-27 02:28:19,541 - __main__ - WARNING - Row 629: Genus name must be capitalized: plumbago auriculata
2025-08-27 02:28:19,541 - __main__ - WARNING - Row 630: Genus name must be capitalized: plumeria obtusa
2025-08-27 02:28:19,541 - __main__ - WARNING - Row 631: Genus name must be capitalized: plumeria rubra
2025-08-27 02:28:19,541 - __main__ - WARNING - Row 632: Genus name must be capitalized: poa bulbosa
2025-08-27 02:28:19,541 - __main__ - WARNING - Row 633: Genus name must be capitalized: podocarpus macrophyllus
2025-08-27 02:28:19,541 - __main__ - WARNING - Row 634: Genus name must be capitalized: podocarpus matudae
2025-08-27 02:28:19,541 - __main__ - WARNING - Row 635: Genus name must be capitalized: podranea ricasoliana
2025-08-27 02:28:19,541 - __main__ - WARNING - Row 636: Genus name must be capitalized: polygala myrtifolia
2025-08-27 02:28:19,541 - __main__ - WARNING - Row 637: Genus name must be capitalized: polystichum munitum
2025-08-27 02:28:19,541 - __main__ - WARNING - Row 638: Genus name must be capitalized: pongamia pinnata
2025-08-27 02:28:19,541 - __main__ - WARNING - Row 639: Genus name must be capitalized: populus alba
2025-08-27 02:28:19,541 - __main__ - WARNING - Row 640: Genus name must be capitalized: populus nigra
2025-08-27 02:28:19,541 - __main__ - WARNING - Row 641: Genus name must be capitalized: populus tremuloides
2025-08-27 02:28:19,541 - __main__ - WARNING - Row 642: Genus name must be capitalized: premnopitys ferruginea
2025-08-27 02:28:19,541 - __main__ - WARNING - Row 643: Genus name must be capitalized: protea cynaroides
2025-08-27 02:28:19,542 - __main__ - WARNING - Row 644: Genus name must be capitalized: prunella vulgaris
2025-08-27 02:28:19,542 - __main__ - WARNING - Row 645: Genus name must be capitalized: prunus avium
2025-08-27 02:28:19,542 - __main__ - WARNING - Row 646: Genus name must be capitalized: prunus cerasifera
2025-08-27 02:28:19,542 - __main__ - WARNING - Row 647: Genus name must be capitalized: prunus domestica
2025-08-27 02:28:19,542 - __main__ - WARNING - Row 648: Genus name must be capitalized: prunus dulcis
2025-08-27 02:28:19,542 - __main__ - WARNING - Row 649: Genus name must be capitalized: prunus pensylvanica
2025-08-27 02:28:19,542 - __main__ - WARNING - Row 650: Genus name must be capitalized: prunus persica
2025-08-27 02:28:19,542 - __main__ - WARNING - Row 651: Genus name must be capitalized: prunus serotina
2025-08-27 02:28:19,542 - __main__ - WARNING - Row 652: Genus name must be capitalized: pseuderanthemum carruthersii
2025-08-27 02:28:19,542 - __main__ - WARNING - Row 653: Genus name must be capitalized: pseudopanax crassifolius
2025-08-27 02:28:19,542 - __main__ - WARNING - Row 654: Genus name must be capitalized: pseudopanax crassifolius x lessonii
2025-08-27 02:28:19,542 - __main__ - WARNING - Row 655: Genus name must be capitalized: pseudotsuga japonica
2025-08-27 02:28:19,542 - __main__ - WARNING - Row 656: Genus name must be capitalized: pseudotsuga menziesii
2025-08-27 02:28:19,542 - __main__ - WARNING - Row 657: Genus name must be capitalized: psidium guajava
2025-08-27 02:28:19,542 - __main__ - WARNING - Row 658: Genus name must be capitalized: pteridium aquilinum
2025-08-27 02:28:19,542 - __main__ - WARNING - Row 659: Genus name must be capitalized: pteris cretica
2025-08-27 02:28:19,542 - __main__ - WARNING - Row 660: Genus name must be capitalized: punica granatum
2025-08-27 02:28:19,542 - __main__ - WARNING - Row 661: Genus name must be capitalized: pycnanthemum muticum
2025-08-27 02:28:19,543 - __main__ - WARNING - Row 662: Genus name must be capitalized: pyracantha coccinea
2025-08-27 02:28:19,543 - __main__ - WARNING - Row 663: Genus name must be capitalized: pyrus communis
2025-08-27 02:28:19,543 - __main__ - WARNING - Row 664: Genus name must be capitalized: quercus garryana
2025-08-27 02:28:19,543 - __main__ - WARNING - Row 665: Genus name must be capitalized: quercus imbricaria
2025-08-27 02:28:19,543 - __main__ - WARNING - Row 666: Genus name must be capitalized: quercus macrocarpa
2025-08-27 02:28:19,543 - __main__ - WARNING - Row 667: Genus name must be capitalized: quercus palustris
2025-08-27 02:28:19,543 - __main__ - WARNING - Row 668: Genus name must be capitalized: quercus robur
2025-08-27 02:28:19,543 - __main__ - WARNING - Row 669: Genus name must be capitalized: quercus rubra
2025-08-27 02:28:19,543 - __main__ - WARNING - Row 670: Genus name must be capitalized: quercus suber
2025-08-27 02:28:19,543 - __main__ - WARNING - Row 671: Genus name must be capitalized: ranunculus bulbosus
2025-08-27 02:28:19,543 - __main__ - WARNING - Row 672: Genus name must be capitalized: ranunculus repens
2025-08-27 02:28:19,543 - __main__ - WARNING - Row 673: Genus name must be capitalized: rapistrum rugosum
2025-08-27 02:28:19,543 - __main__ - WARNING - Row 674: Genus name must be capitalized: ratibida pinnata
2025-08-27 02:28:19,543 - __main__ - WARNING - Row 675: Genus name must be capitalized: retama raetam
2025-08-27 02:28:19,543 - __main__ - WARNING - Row 676: Genus name must be capitalized: reynoutria japonica
2025-08-27 02:28:19,543 - __main__ - WARNING - Row 677: Genus name must be capitalized: rhododendron ferrugineum
2025-08-27 02:28:19,543 - __main__ - WARNING - Row 678: Genus name must be capitalized: rhododendron occidentale
2025-08-27 02:28:19,543 - __main__ - WARNING - Row 679: Genus name must be capitalized: rhododenron indicum
2025-08-27 02:28:19,543 - __main__ - WARNING - Row 680: Genus name must be capitalized: rhododenron viscosum
2025-08-27 02:28:19,544 - __main__ - WARNING - Row 681: Genus name must be capitalized: rhus glabra
2025-08-27 02:28:19,544 - __main__ - WARNING - Row 682: Genus name must be capitalized: rhus typhina
2025-08-27 02:28:19,544 - __main__ - WARNING - Row 683: Genus name must be capitalized: ribes rubrum
2025-08-27 02:28:19,544 - __main__ - WARNING - Row 684: Genus name must be capitalized: romneya coulteri
2025-08-27 02:28:19,544 - __main__ - WARNING - Row 685: Genus name must be capitalized: rosa canina
2025-08-27 02:28:19,544 - __main__ - WARNING - Row 686: Genus name must be capitalized: rosa chinensis
2025-08-27 02:28:19,544 - __main__ - WARNING - Row 687: Genus name must be capitalized: rosa multiflora
2025-08-27 02:28:19,544 - __main__ - WARNING - Row 688: Genus name must be capitalized: rosa rugosa
2025-08-27 02:28:19,544 - __main__ - WARNING - Row 689: Genus name must be capitalized: rosa setigera
2025-08-27 02:28:19,544 - __main__ - WARNING - Row 690: Genus name must be capitalized: rubus caesius
2025-08-27 02:28:19,545 - __main__ - WARNING - Row 691: Genus name must be capitalized: rubus laciniatus
2025-08-27 02:28:19,545 - __main__ - WARNING - Row 692: Genus name must be capitalized: rubus ulmifolius
2025-08-27 02:28:19,545 - __main__ - WARNING - Row 693: Genus name must be capitalized: rudbeckia laciniata
2025-08-27 02:28:19,545 - __main__ - WARNING - Row 694: Genus name must be capitalized: ruellia simplex
2025-08-27 02:28:19,545 - __main__ - WARNING - Row 695: Genus name must be capitalized: ruscus aculeatus
2025-08-27 02:28:19,545 - __main__ - WARNING - Row 696: Genus name must be capitalized: salix alba
2025-08-27 02:28:19,545 - __main__ - WARNING - Row 697: Genus name must be capitalized: salix exigua
2025-08-27 02:28:19,545 - __main__ - WARNING - Row 698: Genus name must be capitalized: salvia officinalis
2025-08-27 02:28:19,545 - __main__ - WARNING - Row 699: Genus name must be capitalized: salvia rosmarinus
2025-08-27 02:28:19,545 - __main__ - WARNING - Row 700: Genus name must be capitalized: salvia yangii
2025-08-27 02:28:19,545 - __main__ - WARNING - Row 701: Genus name must be capitalized: sambucus nigra
2025-08-27 02:28:19,545 - __main__ - WARNING - Row 702: Genus name must be capitalized: sambucus racemosa
2025-08-27 02:28:19,545 - __main__ - WARNING - Row 703: Genus name must be capitalized: sansevieria hyacinthoides
2025-08-27 02:28:19,545 - __main__ - WARNING - Row 704: Genus name must be capitalized: santolina chamaecyparissus
2025-08-27 02:28:19,546 - __main__ - WARNING - Row 705: Genus name must be capitalized: sarcobatus vermiculatus
2025-08-27 02:28:19,546 - __main__ - WARNING - Row 706: Genus name must be capitalized: sassafras albidum
2025-08-27 02:28:19,546 - __main__ - WARNING - Row 707: Genus name must be capitalized: scaevola taccada
2025-08-27 02:28:19,546 - __main__ - WARNING - Row 708: Genus name must be capitalized: schefflera arbiricola
2025-08-27 02:28:19,546 - __main__ - WARNING - Row 709: Genus name must be capitalized: schefflera heptaphylla
2025-08-27 02:28:19,546 - __main__ - WARNING - Row 710: Genus name must be capitalized: schinus molle
2025-08-27 02:28:19,546 - __main__ - WARNING - Row 711: Genus name must be capitalized: schlumbergera truncata
2025-08-27 02:28:19,546 - __main__ - WARNING - Row 712: Genus name must be capitalized: schoenus nigricans
2025-08-27 02:28:19,546 - __main__ - WARNING - Row 713: Genus name must be capitalized: scirpus atrovirens
2025-08-27 02:28:19,546 - __main__ - WARNING - Row 714: Genus name must be capitalized: secale cereale
2025-08-27 02:28:19,546 - __main__ - WARNING - Row 715: Genus name must be capitalized: sedum dendroideum
2025-08-27 02:28:19,546 - __main__ - WARNING - Row 716: Genus name must be capitalized: senecio angulatus
2025-08-27 02:28:19,546 - __main__ - WARNING - Row 717: Genus name must be capitalized: senecio flaccidus
2025-08-27 02:28:19,546 - __main__ - WARNING - Row 718: Genus name must be capitalized: senecio vernalis
2025-08-27 02:28:19,546 - __main__ - WARNING - Row 719: Genus name must be capitalized: senna artemisioides
2025-08-27 02:28:19,546 - __main__ - WARNING - Row 720: Genus name must be capitalized: sequoia sempervirens
2025-08-27 02:28:19,546 - __main__ - WARNING - Row 721: Genus name must be capitalized: sesuvium portulacastrum
2025-08-27 02:28:19,546 - __main__ - WARNING - Row 722: Genus name must be capitalized: silene dioica
2025-08-27 02:28:19,547 - __main__ - WARNING - Row 723: Genus name must be capitalized: silphium laciniatum
2025-08-27 02:28:19,547 - __main__ - WARNING - Row 724: Genus name must be capitalized: silybum marianum
2025-08-27 02:28:19,547 - __main__ - WARNING - Row 725: Genus name must be capitalized: solanum dulcamara
2025-08-27 02:28:19,547 - __main__ - WARNING - Row 726: Genus name must be capitalized: solanum erianthum
2025-08-27 02:28:19,547 - __main__ - WARNING - Row 727: Genus name must be capitalized: solanum lycopersicum
2025-08-27 02:28:19,547 - __main__ - WARNING - Row 728: Genus name must be capitalized: solanum melongena
2025-08-27 02:28:19,547 - __main__ - WARNING - Row 729: Genus name must be capitalized: solanum tuberosum
2025-08-27 02:28:19,547 - __main__ - WARNING - Row 730: Genus name must be capitalized: soliva sessilis
2025-08-27 02:28:19,547 - __main__ - WARNING - Row 731: Genus name must be capitalized: sonchus oleraceus
2025-08-27 02:28:19,547 - __main__ - WARNING - Row 732: Genus name must be capitalized: sorbaria sorbifolia
2025-08-27 02:28:19,547 - __main__ - WARNING - Row 733: Genus name must be capitalized: sorbus aria
2025-08-27 02:28:19,548 - __main__ - WARNING - Row 734: Genus name must be capitalized: sorbus aucaparia
2025-08-27 02:28:19,548 - __main__ - WARNING - Row 735: Genus name must be capitalized: sparganium americanum
2025-08-27 02:28:19,548 - __main__ - WARNING - Row 736: Genus name must be capitalized: spathiphyllum wallisii
2025-08-27 02:28:19,548 - __main__ - WARNING - Row 737: Genus name must be capitalized: spathoglottis plicata
2025-08-27 02:28:19,548 - __main__ - WARNING - Row 738: Genus name must be capitalized: sphagneticola trilobata
2025-08-27 02:28:19,548 - __main__ - WARNING - Row 739: Genus name must be capitalized: spiraea alba
2025-08-27 02:28:19,548 - __main__ - WARNING - Row 740: Genus name must be capitalized: stachys sylvatica
2025-08-27 02:28:19,549 - __main__ - WARNING - Row 741: Genus name must be capitalized: stipa tenuissima
2025-08-27 02:28:19,549 - __main__ - WARNING - Row 742: Genus name must be capitalized: strelitzia reginae
2025-08-27 02:28:19,549 - __main__ - WARNING - Row 743: Genus name must be capitalized: strongylodon macrobotrys
2025-08-27 02:28:19,549 - __main__ - WARNING - Row 744: Genus name must be capitalized: styphnolobium japonicum
2025-08-27 02:28:19,549 - __main__ - WARNING - Row 745: Genus name must be capitalized: styrax japonicus
2025-08-27 02:28:19,549 - __main__ - WARNING - Row 746: Genus name must be capitalized: swietenia macrophylla
2025-08-27 02:28:19,549 - __main__ - WARNING - Row 747: Genus name must be capitalized: symphotricum oblongifolium
2025-08-27 02:28:19,549 - __main__ - WARNING - Row 748: Genus name must be capitalized: syngonium podophyllum
2025-08-27 02:28:19,563 - __main__ - INFO - Saved processed data to data/enhanced_species_table_reliable.csv
2025-08-27 02:28:19,571 - __main__ - INFO - Data quality report saved to data_quality_report.json
